[indexca24.html]
[favicon.ico]
[logo192.png]
[manifest.json]
[ajax/libs/animejs/1.0.0/anime.min.js]
[matrixrain.js]
[backblue.gif]
[fade.gif]
[index.html]
[static/css/main.d7d4e865.chunk.css]
[static/css/2.8a48b591.chunk.css]
[indexca24.html]
[static/js/main.dec902ce.chunk.js]
[index-2.html]
[index-2.html]
[matrixrain.js]
[manifest.json]
[static/js/main.dec902ce.chunk.js]
[static/js/2.828ee7c3.chunk.js]
[ajax/libs/animejs/1.0.0/anime.min.js]
[static/media/flags.99f63ae7.png]
[static/media/icons.a01e3f2d.eot]
[static/media/icons.a01e3f2dd41d.eot]
[static/media/icons.38c6d8ba.woff2]
[static/media/icons.425399f8.woff]
[static/media/icons.c656b8ca.ttf]
[static/media/icons.62d9dae4.svg]
[static/media/outline-icons.752905fa.eot]
[static/media/outline-icons.752905fad41d.eot]
[static/media/outline-icons.687a4990.woff2]
[static/media/outline-icons.ddae9b1b.woff]
[static/media/outline-icons.53671035.ttf]
[static/media/outline-icons.9c4845b4.svg]
[static/media/brand-icons.d68fa3e6.eot]
[static/media/brand-icons.d68fa3e6.eot]
[static/media/brand-icons.d68fa3e6d41d.eot]
[static/media/brand-icons.278156e4.woff2]
[static/media/brand-icons.cac87dc0.woff]
[static/media/brand-icons.65a2fb6d.ttf]
[static/css/2.8a48b591.chunk.css]
[static/css/main.d7d4e865.chunk.css]
[static/media/icons.62d9dae4.svg]
[static/media/outline-icons.9c4845b4.svg]
[static/media/brand-icons.6729d297.svg]
[static/media/brand-icons.6729d297.svg]
